/proc/9835/task:
9835/ 9836/ 9837/ 9838/ 9839/ 9840/ 9841/ 9842/ 9843/ 9844/ 9845/ 9846/

/proc/100/task:
100

/proc/101/task:
101

/proc/1025/task:
1025

/proc/102/task:
102

/proc/1031/task:
1031

/proc/1033/task:
1033

/proc/10411/task:
10411

/proc/10428/task:
10428

/proc/105/task:
105

/proc/106/task:
106

/proc/10816/task:
10816

/proc/108/task:
108

/proc/1097/task:
1097

/proc/109/task:
109

/proc/10/task:
10

/proc/1100/task:
1100

/proc/1104/task:
1104

/proc/1117/task:
1117

/proc/111/task:
111

/proc/1124/task:
1124

/proc/112/task:
112

/proc/113/task:
113

/proc/1142/task:
1142
1373

/proc/1143/task:
1143
1328

/proc/1144/task:
1144
1416
1417
1456

/proc/114/task:
114

/proc/115/task:
115

/proc/116/task:
116

/proc/117/task:
117

/proc/1193/task:
1193
1194
1195
1480

/proc/119/task:
119

/proc/11/task:
11

/proc/1201/task:
1201

/proc/1202/task:
1202

/proc/1205/task:
1205
1214
1215

/proc/1207/task:
1207
1212
1360

/proc/120/task:
120

/proc/1213/task:
1213

/proc/121/task:
121

/proc/125/task:
125

/proc/12/task:
12

/proc/1330/task:
1330

/proc/1331/task:
1331

/proc/1332/task:
1332

/proc/1333/task:
1333

/proc/1340/task:
1340

/proc/134/task:
134

/proc/1362/task:
1362
1453
1455

/proc/1363/task:
1363
1376
1377

/proc/137/task:
137

/proc/138/task:
138

/proc/1395/task:
1395
1411
1412
1413
1414
1415

/proc/13/task:
13

/proc/143/task:
143

/proc/1472/task:
1472
1481

/proc/1477/task:
1477
1485
1486
1497
1500
1501

/proc/1488/task:
1488
1491
1492
1505

/proc/1490/task:
1490
1493
1495

/proc/1498/task:
1498

/proc/14/task:
14

/proc/1537/task:
1537
1542
1543
1545

/proc/1539/task:
1539
1585
1621
1622
1708
1709
1710
1711
1712
1713
1714
1715
1718
1727
1836
1837
1838
1839

/proc/1547/task:
1547

/proc/15/task:
15

/proc/1658/task:
1658

/proc/16/task:
16

/proc/17/task:
17

/proc/189/task:
189

/proc/18/task:
18

/proc/193/task:
193

/proc/1943/task:
1943
2020
2021
2022
2512

/proc/194/task:
194

/proc/19/task:
19

/proc/1/task:
1

/proc/2023/task:
2023
2024
2025
2521
2644
2645

/proc/2028/task:
2028
2041
2043
2052

/proc/2084/task:
2084
2102
2106
2111
2112
2162

/proc/2086/task:
2086
2094
2095

/proc/20/task:
20

/proc/2105/task:
2105
2109
2110

/proc/2113/task:
2113
2124
2125
2126

/proc/2114/task:
2114
2115
2116
2117

/proc/2127/task:
2127
2128
2130

/proc/2131/task:
2131
2132
2133

/proc/2135/task:
2135
2172
2174
2175

/proc/2163/task:
2163
2164
2165
2201
2202
2203
2208
2210
2211

/proc/2178/task:
2178
2180
2182

/proc/2183/task:
2183
2185
2186
2188

/proc/2189/task:
2189
2190
2192

/proc/219/task:
219

/proc/21/task:
21

/proc/2200/task:
2200
2204
2206

/proc/220/task:
220

/proc/2212/task:
2212
2213
2214
2222
2223
2225

/proc/2229/task:
2229
2230
2231

/proc/2239/task:
2239
2247
2249
2274
2275
2276
2277

/proc/2241/task:
2241
2272
2273

/proc/2250/task:
2250

/proc/2251/task:
2251
2287
2296
2347

/proc/2252/task:
2252
2324
2328
2341

/proc/2254/task:
2254
2414
2415

/proc/2255/task:
2255
2317
2335
2355

/proc/2256/task:
2256
2289
2297
2350

/proc/2258/task:
2258
2294
2298
2310

/proc/2259/task:
2259
2320
2325
2336

/proc/2261/task:
2261
2313
2316
2334

/proc/2262/task:
2262
2304
2322

/proc/2263/task:
2263
2286
2311

/proc/2264/task:
2264
2290
2309

/proc/2265/task:
2265
2288
2300
2312

/proc/2266/task:
2266
2285
2299
2349

/proc/2268/task:
2268
2293
2301
2351

/proc/2269/task:
2269
2302
2306
2330

/proc/22/task:
22

/proc/2332/task:
2332
2402
2405
2406
2558
2575

/proc/2337/task:
2337
2377
2385

/proc/2387/task:
2387
2410
2411

/proc/2419/task:
2419
2422
2423
2439

/proc/2420/task:
2420
2432
2434
2435

/proc/2431/task:
2431
2436
2437

/proc/24/task:
24

/proc/2528/task:
2528
2529
2530

/proc/2541/task:
2541
2542
2544
2545

/proc/2565/task:
2565
2567
2568
2571
2572
2649

/proc/2569/task:
2569
2580
2582

/proc/25/task:
25

/proc/2613/task:
2613
2620
2621
2622
2623
2624
2625

/proc/264/task:
264

/proc/2678/task:
2678
2679
2680

/proc/26/task:
26

/proc/27/task:
27

/proc/28/task:
28

/proc/2937/task:
2937
2945
2947
2948

/proc/298/task:
298

/proc/2/task:
2

/proc/302/task:
302

/proc/303/task:
303

/proc/304/task:
304

/proc/305/task:
305

/proc/306/task:
306

/proc/307/task:
307

/proc/308/task:
308

/proc/309/task:
309

/proc/30/task:
30

/proc/310/task:
310

/proc/311/task:
311

/proc/31/task:
31

/proc/327/task:
327

/proc/32/task:
32

/proc/33/task:
33

/proc/34/task:
34

/proc/36/task:
36

/proc/37/task:
37

/proc/38/task:
38

/proc/39/task:
39

/proc/3/task:
3

/proc/4024/task:
4024

/proc/4025/task:
4025

/proc/40/task:
40

/proc/41/task:
41

/proc/42/task:
42

/proc/4310/task:
4310

/proc/43/task:
43

/proc/44/task:
44

/proc/45/task:
45

/proc/4/task:
4

/proc/54/task:
54

/proc/5761/task:
5761

/proc/5762/task:
5762
5763
5764

/proc/5767/task:
5767

/proc/5807/task:
5807

/proc/58/task:
58

/proc/5/task:
5

/proc/652/task:
652

/proc/733/task:
733

/proc/734/task:
734

/proc/735/task:
735
750

/proc/736/task:
736
737

/proc/759/task:
759
851
951

/proc/7608/task:
7608

/proc/760/task:
760

/proc/763/task:
763

/proc/764/task:
764

/proc/765/task:
765

/proc/766/task:
766
947
953

/proc/774/task:
774
807

/proc/777/task:
777

/proc/779/task:
779
850
948

/proc/781/task:
781
852
950

/proc/782/task:
782
883
884
885

/proc/787/task:
1076
1077
1078
1079
1080
1084
1098
1099
1114
1137
1138
1167
1191
787

/proc/788/task:
788
855
949

/proc/791/task:
791

/proc/799/task:
1017
799
861
952
989

/proc/7/task:
7

/proc/802/task:
802

/proc/820/task:
820

/proc/8918/task:
8918

/proc/8931/task:
8931

/proc/9198/task:
9198

/proc/9200/task:
9200

/proc/9236/task:
9236

/proc/9239/task:
9239

/proc/9282/task:
9282

/proc/9283/task:
9283

/proc/934/task:
934
936
937
938
939
941
942
943
944

/proc/94/task:
94

/proc/95/task:
95

/proc/960/task:
1083
960

/proc/9651/task:
9651

/proc/9656/task:
9656

/proc/966/task:
1012
966
990

/proc/96/task:
96

/proc/9702/task:
9702

/proc/9717/task:
9717

/proc/9733/task:
9733

/proc/9735/task:
9735

/proc/977/task:
977
978
979

/proc/97/task:
97

/proc/988/task:
988

/proc/98/task:
98

/proc/991/task:
991
992
994

/proc/99/task:
99

/proc/9/task:
9

/proc/self/task:
10817
